23:07:31 **** Incremental Build of configuration Release for project Arduino_Mega_2560_or_Mega_ADK ****
make all 
Invoking: Print Size
avr-size --format=avr --mcu=atmega2560 libArduino_Mega_2560_or_Mega_ADK.a
AVR Memory Usage
----------------
Device: atmega2560

Program:       0 bytes (0.0% Full)
(.text + .data + .bootloader)

Data:          0 bytes (0.0% Full)
(.data + .bss + .noinit)


AVR Memory Usage
----------------
Device: atmega2560

Program:       0 bytes (0.0% Full)
(.text + .data + .bootloader)

Data:          0 bytes (0.0% Full)
(.data + .bss + .noinit)


AVR Memory Usage
----------------
Device: atmega2560

Program:       0 bytes (0.0% Full)
(.text + .data + .bootloader)

Data:          0 bytes (0.0% Full)
(.data + .bss + .noinit)


AVR Memory Usage
----------------
Device: atmega2560

Program:       0 bytes (0.0% Full)
(.text + .data + .bootloader)

Data:          0 bytes (0.0% Full)
(.data + .bss + .noinit)


AVR Memory Usage
----------------
Device: atmega2560

Program:       2 bytes (0.0% Full)
(.text + .data + .bootloader)

Data:          2 bytes (0.0% Full)
(.data + .bss + .noinit)


AVR Memory Usage
----------------
Device: atmega2560

Program:       0 bytes (0.0% Full)
(.text + .data + .bootloader)

Data:          0 bytes (0.0% Full)
(.data + .bss + .noinit)


AVR Memory Usage
----------------
Device: atmega2560

Program:       0 bytes (0.0% Full)
(.text + .data + .bootloader)

Data:          0 bytes (0.0% Full)
(.data + .bss + .noinit)


AVR Memory Usage
----------------
Device: atmega2560

Program:       0 bytes (0.0% Full)
(.text + .data + .bootloader)

Data:          0 bytes (0.0% Full)
(.data + .bss + .noinit)


AVR Memory Usage
----------------
Device: atmega2560

Program:       0 bytes (0.0% Full)
(.text + .data + .bootloader)

Data:          0 bytes (0.0% Full)
(.data + .bss + .noinit)


AVR Memory Usage
----------------
Device: atmega2560

Program:       0 bytes (0.0% Full)
(.text + .data + .bootloader)

Data:          0 bytes (0.0% Full)
(.data + .bss + .noinit)


AVR Memory Usage
----------------
Device: atmega2560

Program:       1 bytes (0.0% Full)
(.text + .data + .bootloader)

Data:          1 bytes (0.0% Full)
(.data + .bss + .noinit)


AVR Memory Usage
----------------
Device: atmega2560

Program:       0 bytes (0.0% Full)
(.text + .data + .bootloader)

Data:          0 bytes (0.0% Full)
(.data + .bss + .noinit)


AVR Memory Usage
----------------
Device: atmega2560

Program:       0 bytes (0.0% Full)
(.text + .data + .bootloader)

Data:          0 bytes (0.0% Full)
(.data + .bss + .noinit)


AVR Memory Usage
----------------
Device: atmega2560

Program:       0 bytes (0.0% Full)
(.text + .data + .bootloader)

Data:          0 bytes (0.0% Full)
(.data + .bss + .noinit)


AVR Memory Usage
----------------
Device: atmega2560

Program:       0 bytes (0.0% Full)
(.text + .data + .bootloader)

Data:          0 bytes (0.0% Full)
(.data + .bss + .noinit)


AVR Memory Usage
----------------
Device: atmega2560

Program:       0 bytes (0.0% Full)
(.text + .data + .bootloader)

Data:          0 bytes (0.0% Full)
(.data + .bss + .noinit)


AVR Memory Usage
----------------
Device: atmega2560

Program:       0 bytes (0.0% Full)
(.text + .data + .bootloader)

Data:          0 bytes (0.0% Full)
(.data + .bss + .noinit)


AVR Memory Usage
----------------
Device: atmega2560

Program:       0 bytes (0.0% Full)
(.text + .data + .bootloader)

Data:          0 bytes (0.0% Full)
(.data + .bss + .noinit)


Finished building: sizedummy
 
23:07:32 **** Incremental Build of configuration Release for project Arduino_HID_Joystick ****
make all 
Building file: ../USB_Device_Implementation/USB_Device_Implementation.cpp
Invoking: AVR C++ Compiler
avr-g++ -I"/Applications/Development/Arduino.app/Contents/Resources/Java/hardware/arduino/cores/arduino" -I"/Applications/Development/Arduino.app/Contents/Resources/Java/hardware/arduino/variants/mega" -I"/Volumes/DataHDD/Documents/4th Year Project/Black-Box-Mouse-Interface/Arduino ADK USB Host/Arduino_ADK_USB_HOST/Arduino_HID_Joystick" -D__IN_ECLIPSE__=1 -DUSB_VID= -DUSB_PID= -DARDUINO=100 -Wall -Os -ffunction-sections -fdata-sections -fno-exceptions -g -mmcu=atmega2560 -DF_CPU=16000000UL -MMD -MP -MF"USB_Device_Implementation/USB_Device_Implementation.d" -MT"USB_Device_Implementation/USB_Device_Implementation.d"  -c -o "USB_Device_Implementation/USB_Device_Implementation.o" -x c++ "../USB_Device_Implementation/USB_Device_Implementation.cpp"
In file included from ../USB_Device_Implementation/USB_Device_Implementation.h:11,
                 from ../USB_Device_Implementation/USB_Device_Implementation.cpp:8:
../USB_Device_Implementation/../System_Defines/Hardware_Defines.h:43:1: warning: "F_CPU" redefined
<command-line>: warning: this is the location of the previous definition
In file included from ../USB_Device_Implementation/../USB_Implementation/../System_Defines/Main_Defines.h:19,
                 from ../USB_Device_Implementation/../USB_Implementation/USB_Structures.h:11,
                 from ../USB_Device_Implementation/USB_Device_Implementation.h:15,
                 from ../USB_Device_Implementation/USB_Device_Implementation.cpp:8:
../USB_Device_Implementation/../USB_Implementation/../System_Defines/./NVRAM_API.h:12: error: redefinition of 'class NVRAM'
../USB_Device_Implementation/../System_Defines/../System_Defines/NVRAM_API.h:12: error: previous definition of 'class NVRAM'
In file included from ../USB_Device_Implementation/../USB_Implementation/../System_Defines/../USB_Device_Implementation/USB_State_Machine.h:9,
                 from ../USB_Device_Implementation/../USB_Implementation/../System_Defines/Main_Defines.h:27,
                 from ../USB_Device_Implementation/../USB_Implementation/USB_Structures.h:11,
                 from ../USB_Device_Implementation/USB_Device_Implementation.h:15,
                 from ../USB_Device_Implementation/USB_Device_Implementation.cpp:8:
../USB_Device_Implementation/../USB_Implementation/../System_Defines/../USB_Device_Implementation/../Debug_API/Debug_LED_Function.h:31: error: redefinition of 'const String DEBUG_STRINGS [9]'
../USB_Device_Implementation/../Debug_API/Debug_LED_Function.h:31: error: 'const String DEBUG_STRINGS [9]' previously declared here
../USB_Device_Implementation/../USB_Implementation/../System_Defines/../USB_Device_Implementation/../Debug_API/Debug_LED_Function.h:44: error: redefinition of 'const byte DEBUG_CODES [9]'
../USB_Device_Implementation/../Debug_API/Debug_LED_Function.h:44: error: 'const byte DEBUG_CODES [9]' previously defined here
../USB_Device_Implementation/../USB_Implementation/../System_Defines/../USB_Device_Implementation/../Debug_API/Debug_LED_Function.h:58: error: redefinition of 'const byte DEBUG_LED_CODES [9]'
../USB_Device_Implementation/../Debug_API/Debug_LED_Function.h:58: error: 'const byte DEBUG_LED_CODES [9]' previously defined here
../USB_Device_Implementation/../USB_Implementation/../System_Defines/../USB_Device_Implementation/../Debug_API/Debug_LED_Function.h:74: error: redefinition of 'struct DEBUG_CODES_STRUCT'
../USB_Device_Implementation/../Debug_API/Debug_LED_Function.h:74: error: previous definition of 'struct DEBUG_CODES_STRUCT'
../USB_Device_Implementation/../USB_Implementation/../System_Defines/../USB_Device_Implementation/../Debug_API/Debug_LED_Function.h:79: error: invalid type in declaration before ';' token
../USB_Device_Implementation/../USB_Implementation/../System_Defines/../USB_Device_Implementation/../Debug_API/Debug_LED_Function.h:79: error: conflicting declaration 'typedef int debug_code_struct_t'
../USB_Device_Implementation/../Debug_API/Debug_LED_Function.h:79: error: 'debug_code_struct_t' has a previous declaration as 'typedef struct DEBUG_CODES_STRUCT debug_code_struct_t'
../USB_Device_Implementation/../USB_Implementation/../System_Defines/../USB_Device_Implementation/../Debug_API/Debug_LED_Function.h:85: error: redefinition of 'struct ERROR_TYPE_COUNTS'
../USB_Device_Implementation/../Debug_API/Debug_LED_Function.h:85: error: previous definition of 'struct ERROR_TYPE_COUNTS'
../USB_Device_Implementation/../USB_Implementation/../System_Defines/../USB_Device_Implementation/../Debug_API/Debug_LED_Function.h:94: error: invalid type in declaration before ';' token
../USB_Device_Implementation/../USB_Implementation/../System_Defines/../USB_Device_Implementation/../Debug_API/Debug_LED_Function.h:94: error: conflicting declaration 'typedef int error_type_counts_t'
../USB_Device_Implementation/../Debug_API/Debug_LED_Function.h:94: error: 'error_type_counts_t' has a previous declaration as 'typedef struct ERROR_TYPE_COUNTS error_type_counts_t'
../USB_Device_Implementation/../USB_Implementation/../System_Defines/../USB_Device_Implementation/../Debug_API/Debug_LED_Function.h:101: error: redefinition of 'class DEBUG_API'
../USB_Device_Implementation/../Debug_API/Debug_LED_Function.h:101: error: previous definition of 'class DEBUG_API'
In file included from ../USB_Device_Implementation/../USB_Implementation/../System_Defines/Main_Defines.h:30,
                 from ../USB_Device_Implementation/../USB_Implementation/USB_Structures.h:11,
                 from ../USB_Device_Implementation/USB_Device_Implementation.h:15,
                 from ../USB_Device_Implementation/USB_Device_Implementation.cpp:8:
../USB_Device_Implementation/../USB_Implementation/../System_Defines/../Sensor_Parser_Implementation/Network_Protocol.h:46: error: redefinition of 'struct packet_header_t'
../USB_Device_Implementation/../Sensor_Parser_Implementation/Network_Protocol.h:46: error: previous definition of 'struct packet_header_t'
../USB_Device_Implementation/../USB_Implementation/../System_Defines/../Sensor_Parser_Implementation/Network_Protocol.h:59: error: redefinition of 'struct router_ack_info_t'
../USB_Device_Implementation/../Sensor_Parser_Implementation/Network_Protocol.h:59: error: previous definition of 'struct router_ack_info_t'
../USB_Device_Implementation/../USB_Implementation/../System_Defines/../Sensor_Parser_Implementation/Network_Protocol.h:66: error: redefinition of 'struct router_heartbeat_t'
../USB_Device_Implementation/../Sensor_Parser_Implementation/Network_Protocol.h:66: error: previous definition of 'struct router_heartbeat_t'
../USB_Device_Implementation/../USB_Implementation/../System_Defines/../Sensor_Parser_Implementation/Network_Protocol.h:74: error: redefinition of 'struct router_status_info_t'
../USB_Device_Implementation/../Sensor_Parser_Implementation/Network_Protocol.h:74: error: previous definition of 'struct router_status_info_t'
../USB_Device_Implementation/../USB_Implementation/../System_Defines/../Sensor_Parser_Implementation/Network_Protocol.h:92: error: redefinition of 'struct router_debug_status_t'
../USB_Device_Implementation/../Sensor_Parser_Implementation/Network_Protocol.h:92: error: previous definition of 'struct router_debug_status_t'
../USB_Device_Implementation/../USB_Implementation/../System_Defines/../Sensor_Parser_Implementation/Network_Protocol.h:113: error: redefinition of 'struct router_sensor_enable_report_t'
../USB_Device_Implementation/../Sensor_Parser_Implementation/Network_Protocol.h:113: error: previous definition of 'struct router_sensor_enable_report_t'
../USB_Device_Implementation/../USB_Implementation/../System_Defines/../Sensor_Parser_Implementation/Network_Protocol.h:120: error: redefinition of 'struct error_message_t'
../USB_Device_Implementation/../Sensor_Parser_Implementation/Network_Protocol.h:120: error: previous definition of 'struct error_message_t'
../USB_Device_Implementation/../USB_Implementation/../System_Defines/../Sensor_Parser_Implementation/Network_Protocol.h:129: error: redefinition of 'struct sensor_configs_t'
../USB_Device_Implementation/../Sensor_Parser_Implementation/Network_Protocol.h:129: error: previous definition of 'struct sensor_configs_t'
../USB_Device_Implementation/../USB_Implementation/../System_Defines/../Sensor_Parser_Implementation/Network_Protocol.h:138: error: redefinition of 'struct remote_sensor_data_t'
../USB_Device_Implementation/../Sensor_Parser_Implementation/Network_Protocol.h:138: error: previous definition of 'struct remote_sensor_data_t'
../USB_Device_Implementation/../USB_Implementation/../System_Defines/../Sensor_Parser_Implementation/Network_Protocol.h:147: error: redefinition of 'struct remote_radio_configs_t'
../USB_Device_Implementation/../Sensor_Parser_Implementation/Network_Protocol.h:147: error: previous definition of 'struct remote_radio_configs_t'
../USB_Device_Implementation/../USB_Implementation/../System_Defines/../Sensor_Parser_Implementation/Network_Protocol.h:153: error: redefinition of 'struct number_of_sensors_t'
../USB_Device_Implementation/../Sensor_Parser_Implementation/Network_Protocol.h:153: error: previous definition of 'struct number_of_sensors_t'
In file included from ../USB_Device_Implementation/../USB_Implementation/../System_Defines/../Sensor_Parser_Implementation/Packet_Parser.h:12,
                 from ../USB_Device_Implementation/../USB_Implementation/../System_Defines/Main_Defines.h:32,
                 from ../USB_Device_Implementation/../USB_Implementation/USB_Structures.h:11,
                 from ../USB_Device_Implementation/USB_Device_Implementation.h:15,
                 from ../USB_Device_Implementation/USB_Device_Implementation.cpp:8:
../USB_Device_Implementation/../USB_Implementation/../System_Defines/../Sensor_Parser_Implementation/../Debug_API/Debug_LED_Function.h:31: error: redefinition of 'const String DEBUG_STRINGS [9]'
../USB_Device_Implementation/../Debug_API/Debug_LED_Function.h:31: error: 'const String DEBUG_STRINGS [9]' previously declared here
../USB_Device_Implementation/../USB_Implementation/../System_Defines/../Sensor_Parser_Implementation/../Debug_API/Debug_LED_Function.h:44: error: redefinition of 'const byte DEBUG_CODES [9]'
../USB_Device_Implementation/../Debug_API/Debug_LED_Function.h:44: error: 'const byte DEBUG_CODES [9]' previously defined here
../USB_Device_Implementation/../USB_Implementation/../System_Defines/../Sensor_Parser_Implementation/../Debug_API/Debug_LED_Function.h:58: error: redefinition of 'const byte DEBUG_LED_CODES [9]'
../USB_Device_Implementation/../Debug_API/Debug_LED_Function.h:58: error: 'const byte DEBUG_LED_CODES [9]' previously defined here
../USB_Device_Implementation/../USB_Implementation/../System_Defines/../Sensor_Parser_Implementation/../Debug_API/Debug_LED_Function.h:74: error: redefinition of 'struct DEBUG_CODES_STRUCT'
../USB_Device_Implementation/../Debug_API/Debug_LED_Function.h:74: error: previous definition of 'struct DEBUG_CODES_STRUCT'
../USB_Device_Implementation/../USB_Implementation/../System_Defines/../Sensor_Parser_Implementation/../Debug_API/Debug_LED_Function.h:79: error: invalid type in declaration before ';' token
../USB_Device_Implementation/../USB_Implementation/../System_Defines/../Sensor_Parser_Implementation/../Debug_API/Debug_LED_Function.h:79: error: conflicting declaration 'typedef int debug_code_struct_t'
../USB_Device_Implementation/../Debug_API/Debug_LED_Function.h:79: error: 'debug_code_struct_t' has a previous declaration as 'typedef struct DEBUG_CODES_STRUCT debug_code_struct_t'
../USB_Device_Implementation/../USB_Implementation/../System_Defines/../Sensor_Parser_Implementation/../Debug_API/Debug_LED_Function.h:85: error: redefinition of 'struct ERROR_TYPE_COUNTS'
../USB_Device_Implementation/../Debug_API/Debug_LED_Function.h:85: error: previous definition of 'struct ERROR_TYPE_COUNTS'
../USB_Device_Implementation/../USB_Implementation/../System_Defines/../Sensor_Parser_Implementation/../Debug_API/Debug_LED_Function.h:94: error: invalid type in declaration before ';' token
../USB_Device_Implementation/../USB_Implementation/../System_Defines/../Sensor_Parser_Implementation/../Debug_API/Debug_LED_Function.h:94: error: conflicting declaration 'typedef int error_type_counts_t'
../USB_Device_Implementation/../Debug_API/Debug_LED_Function.h:94: error: 'error_type_counts_t' has a previous declaration as 'typedef struct ERROR_TYPE_COUNTS error_type_counts_t'
../USB_Device_Implementation/../USB_Implementation/../System_Defines/../Sensor_Parser_Implementation/../Debug_API/Debug_LED_Function.h:101: error: redefinition of 'class DEBUG_API'
../USB_Device_Implementation/../Debug_API/Debug_LED_Function.h:101: error: previous definition of 'class DEBUG_API'
In file included from ../USB_Device_Implementation/../USB_Implementation/../System_Defines/../Sensor_Parser_Implementation/Packet_Parser.h:14,
                 from ../USB_Device_Implementation/../USB_Implementation/../System_Defines/Main_Defines.h:32,
                 from ../USB_Device_Implementation/../USB_Implementation/USB_Structures.h:11,
                 from ../USB_Device_Implementation/USB_Device_Implementation.h:15,
                 from ../USB_Device_Implementation/USB_Device_Implementation.cpp:8:
../USB_Device_Implementation/../USB_Implementation/../System_Defines/../Sensor_Parser_Implementation/Network_Protocol.h:46: error: redefinition of 'struct packet_header_t'
../USB_Device_Implementation/../Sensor_Parser_Implementation/Network_Protocol.h:46: error: previous definition of 'struct packet_header_t'
../USB_Device_Implementation/../USB_Implementation/../System_Defines/../Sensor_Parser_Implementation/Network_Protocol.h:59: error: redefinition of 'struct router_ack_info_t'
../USB_Device_Implementation/../Sensor_Parser_Implementation/Network_Protocol.h:59: error: previous definition of 'struct router_ack_info_t'
../USB_Device_Implementation/../USB_Implementation/../System_Defines/../Sensor_Parser_Implementation/Network_Protocol.h:66: error: redefinition of 'struct router_heartbeat_t'
../USB_Device_Implementation/../Sensor_Parser_Implementation/Network_Protocol.h:66: error: previous definition of 'struct router_heartbeat_t'
../USB_Device_Implementation/../USB_Implementation/../System_Defines/../Sensor_Parser_Implementation/Network_Protocol.h:74: error: redefinition of 'struct router_status_info_t'
../USB_Device_Implementation/../Sensor_Parser_Implementation/Network_Protocol.h:74: error: previous definition of 'struct router_status_info_t'
../USB_Device_Implementation/../USB_Implementation/../System_Defines/../Sensor_Parser_Implementation/Network_Protocol.h:92: error: redefinition of 'struct router_debug_status_t'
../USB_Device_Implementation/../Sensor_Parser_Implementation/Network_Protocol.h:92: error: previous definition of 'struct router_debug_status_t'
../USB_Device_Implementation/../USB_Implementation/../System_Defines/../Sensor_Parser_Implementation/Network_Protocol.h:113: error: redefinition of 'struct router_sensor_enable_report_t'
../USB_Device_Implementation/../Sensor_Parser_Implementation/Network_Protocol.h:113: error: previous definition of 'struct router_sensor_enable_report_t'
../USB_Device_Implementation/../USB_Implementation/../System_Defines/../Sensor_Parser_Implementation/Network_Protocol.h:120: error: redefinition of 'struct error_message_t'
../USB_Device_Implementation/../Sensor_Parser_Implementation/Network_Protocol.h:120: error: previous definition of 'struct error_message_t'
../USB_Device_Implementation/../USB_Implementation/../System_Defines/../Sensor_Parser_Implementation/Network_Protocol.h:129: error: redefinition of 'struct sensor_configs_t'
../USB_Device_Implementation/../Sensor_Parser_Implementation/Network_Protocol.h:129: error: previous definition of 'struct sensor_configs_t'
../USB_Device_Implementation/../USB_Implementation/../System_Defines/../Sensor_Parser_Implementation/Network_Protocol.h:138: error: redefinition of 'struct remote_sensor_data_t'
../USB_Device_Implementation/../Sensor_Parser_Implementation/Network_Protocol.h:138: error: previous definition of 'struct remote_sensor_data_t'
../USB_Device_Implementation/../USB_Implementation/../System_Defines/../Sensor_Parser_Implementation/Network_Protocol.h:147: error: redefinition of 'struct remote_radio_configs_t'
../USB_Device_Implementation/../Sensor_Parser_Implementation/Network_Protocol.h:147: error: previous definition of 'struct remote_radio_configs_t'
../USB_Device_Implementation/../USB_Implementation/../System_Defines/../Sensor_Parser_Implementation/Network_Protocol.h:153: error: redefinition of 'struct number_of_sensors_t'
../USB_Device_Implementation/../Sensor_Parser_Implementation/Network_Protocol.h:153: error: previous definition of 'struct number_of_sensors_t'
In file included from ../USB_Device_Implementation/../USB_Implementation/../System_Defines/Main_Defines.h:35,
                 from ../USB_Device_Implementation/../USB_Implementation/USB_Structures.h:11,
                 from ../USB_Device_Implementation/USB_Device_Implementation.h:15,
                 from ../USB_Device_Implementation/USB_Device_Implementation.cpp:8:
../USB_Device_Implementation/../USB_Implementation/../System_Defines/../Emulation_Device_Implementation/Emulation_Device_Implementation.h:66: error: 'joystick_report_t' has not been declared
../USB_Device_Implementation/../USB_Implementation/../System_Defines/../Emulation_Device_Implementation/Emulation_Device_Implementation.h:71: error: 'joystick_report_t' has not been declared
In file included from ../USB_Device_Implementation/../USB_Implementation/../System_Defines/Main_Defines.h:38,
                 from ../USB_Device_Implementation/../USB_Implementation/USB_Structures.h:11,
                 from ../USB_Device_Implementation/USB_Device_Implementation.h:15,
                 from ../USB_Device_Implementation/USB_Device_Implementation.cpp:8:
../USB_Device_Implementation/../USB_Implementation/../System_Defines/../Debug_API/Debug_LED_Function.h:31: error: redefinition of 'const String DEBUG_STRINGS [9]'
../USB_Device_Implementation/../Debug_API/Debug_LED_Function.h:31: error: 'const String DEBUG_STRINGS [9]' previously declared here
../USB_Device_Implementation/../USB_Implementation/../System_Defines/../Debug_API/Debug_LED_Function.h:44: error: redefinition of 'const byte DEBUG_CODES [9]'
../USB_Device_Implementation/../Debug_API/Debug_LED_Function.h:44: error: 'const byte DEBUG_CODES [9]' previously defined here
../USB_Device_Implementation/../USB_Implementation/../System_Defines/../Debug_API/Debug_LED_Function.h:58: error: redefinition of 'const byte DEBUG_LED_CODES [9]'
../USB_Device_Implementation/../Debug_API/Debug_LED_Function.h:58: error: 'const byte DEBUG_LED_CODES [9]' previously defined here
../USB_Device_Implementation/../USB_Implementation/../System_Defines/../Debug_API/Debug_LED_Function.h:74: error: redefinition of 'struct DEBUG_CODES_STRUCT'
../USB_Device_Implementation/../Debug_API/Debug_LED_Function.h:74: error: previous definition of 'struct DEBUG_CODES_STRUCT'
../USB_Device_Implementation/../USB_Implementation/../System_Defines/../Debug_API/Debug_LED_Function.h:79: error: invalid type in declaration before ';' token
../USB_Device_Implementation/../USB_Implementation/../System_Defines/../Debug_API/Debug_LED_Function.h:79: error: conflicting declaration 'typedef int debug_code_struct_t'
../USB_Device_Implementation/../Debug_API/Debug_LED_Function.h:79: error: 'debug_code_struct_t' has a previous declaration as 'typedef struct DEBUG_CODES_STRUCT debug_code_struct_t'
../USB_Device_Implementation/../USB_Implementation/../System_Defines/../Debug_API/Debug_LED_Function.h:85: error: redefinition of 'struct ERROR_TYPE_COUNTS'
../USB_Device_Implementation/../Debug_API/Debug_LED_Function.h:85: error: previous definition of 'struct ERROR_TYPE_COUNTS'
../USB_Device_Implementation/../USB_Implementation/../System_Defines/../Debug_API/Debug_LED_Function.h:94: error: invalid type in declaration before ';' token
../USB_Device_Implementation/../USB_Implementation/../System_Defines/../Debug_API/Debug_LED_Function.h:94: error: conflicting declaration 'typedef int error_type_counts_t'
../USB_Device_Implementation/../Debug_API/Debug_LED_Function.h:94: error: 'error_type_counts_t' has a previous declaration as 'typedef struct ERROR_TYPE_COUNTS error_type_counts_t'
../USB_Device_Implementation/../USB_Implementation/../System_Defines/../Debug_API/Debug_LED_Function.h:101: error: redefinition of 'class DEBUG_API'
../USB_Device_Implementation/../Debug_API/Debug_LED_Function.h:101: error: previous definition of 'class DEBUG_API'
In file included from ../USB_Device_Implementation/../USB_Implementation/USB_Structures.h:11,
                 from ../USB_Device_Implementation/USB_Device_Implementation.h:15,
                 from ../USB_Device_Implementation/USB_Device_Implementation.cpp:8:
../USB_Device_Implementation/../USB_Implementation/../System_Defines/Main_Defines.h:52: error: 'EEPROM' does not name a type
../USB_Device_Implementation/../USB_Implementation/../System_Defines/Main_Defines.h:94: error: elements of array 'packet_handler packet_handlers [13]' have incomplete type
../USB_Device_Implementation/../USB_Implementation/../System_Defines/Main_Defines.h:94: error: storage size of 'packet_handlers' isn't known
In file included from ../USB_Device_Implementation/USB_Device_Implementation.h:15,
                 from ../USB_Device_Implementation/USB_Device_Implementation.cpp:8:
../USB_Device_Implementation/../USB_Implementation/USB_Structures.h:55: warning: 'typedef' was ignored in this declaration
../USB_Device_Implementation/USB_Device_Implementation.cpp: In member function 'void USB_DEVICE::_create_usb_report_frame()':
../USB_Device_Implementation/USB_Device_Implementation.cpp:81: error: 'struct joystick_report_t' has no member named 'buttons'
../USB_Device_Implementation/../USB_Implementation/../System_Defines/../Sensor_Parser_Implementation/Packet_Parser.h:42: error: 'remote_sensor_data_t PACKET_PARSER::_data' is private
../USB_Device_Implementation/USB_Device_Implementation.cpp:84: error: within this context
../USB_Device_Implementation/../USB_Implementation/../System_Defines/../Sensor_Parser_Implementation/Packet_Parser.h:42: error: 'remote_sensor_data_t PACKET_PARSER::_data' is private
../USB_Device_Implementation/USB_Device_Implementation.cpp:87: error: within this context
../USB_Device_Implementation/USB_Device_Implementation.cpp:91: error: cannot convert 'joystick_report_t*' to 'byte*' in assignment
../USB_Device_Implementation/../USB_Implementation/../System_Defines/../Sensor_Parser_Implementation/Packet_Parser.h: In member function 'void USB_DEVICE::_init_rf_network()':
../USB_Device_Implementation/../USB_Implementation/../System_Defines/../Sensor_Parser_Implementation/Packet_Parser.h:32: error: 'remote_radio_configs_t PACKET_PARSER::_radio_configs' is private
../USB_Device_Implementation/USB_Device_Implementation.cpp:186: error: within this context
../USB_Device_Implementation/USB_Device_Implementation.cpp:186: error: invalid cast from type 'remote_radio_configs_t' to type 'void*'
../USB_Device_Implementation/../USB_Implementation/../System_Defines/../Sensor_Parser_Implementation/Packet_Parser.h: In member function 'void USB_DEVICE::_setup_usb_report_params()':
../USB_Device_Implementation/../USB_Implementation/../System_Defines/../Sensor_Parser_Implementation/Packet_Parser.h:42: error: 'remote_sensor_data_t PACKET_PARSER::_data' is private
../USB_Device_Implementation/USB_Device_Implementation.cpp:319: error: within this context
../USB_Device_Implementation/USB_Device_Implementation.cpp:319: error: incompatible types in assignment of 'uint16_t (*)[8]' to 'int16_t [8]'
../USB_Device_Implementation/../USB_Implementation/../System_Defines/../Sensor_Parser_Implementation/Packet_Parser.h:42: error: 'remote_sensor_data_t PACKET_PARSER::_data' is private
../USB_Device_Implementation/USB_Device_Implementation.cpp:320: error: within this context
../USB_Device_Implementation/USB_Device_Implementation.cpp:320: error: incompatible types in assignment of 'uint16_t (*)[5]' to 'uint8_t [5]'
../USB_Device_Implementation/USB_Device_Implementation.cpp:323: error: cannot convert 'joystick_report_t*' to 'byte*' in assignment
../USB_Device_Implementation/../USB_Implementation/USB_Structures.h: At global scope:
../USB_Device_Implementation/../USB_Implementation/USB_Structures.h:14: warning: 'protocol_version' defined but not used
../USB_Device_Implementation/../USB_Implementation/USB_Structures.h:58: warning: 'joystick_report' defined but not used
make: *** [USB_Device_Implementation/USB_Device_Implementation.o] Error 1
